{"name": "Регистрация курьера с недостающим обязательным полем завершается ошибкой", "status": "failed", "statusDetails": {"message": "AssertionError", "trace": "self = <tests.test_create_courier.TestCreateCourier object at 0x102160d60>, exclude_login = False, exclude_password = False\nexclude_first_name = True\n\n    @allure.title('Регистрация курьера с недостающим обязательным полем завершается ошибкой')\n    @pytest.mark.parametrize(\n        \"exclude_login,exclude_password,exclude_first_name\",\n        [\n            (True, False, False),\n            (False, True, False),\n            (False, False, True)\n        ]\n    )\n    def test_missing_required_field_returns_error(self, exclude_login, exclude_password, exclude_first_name):\n        payload = generate_courier_payload(\n            exclude_login=exclude_login,\n            exclude_password=exclude_password,\n            exclude_first_name=exclude_first_name\n        )\n        response = create_courier(payload)\n>       verify_response_code(response, 400)\n\ntests/test_create_courier.py:33: \n_ _ _ _ _ _ _ _ _ _ _ _ _ _ _ _ _ _ _ _ _ _ _ _ _ _ _ _ _ _ _ _ _ _ _ _ _ _ _ _ _ _ _ _ _ _ _ _ _ _ _ _ _ _ _ _ _ _ _ _ _ _ _ _ _ _ _ _ _ _ _ \n\nresponse = <Response [201]>, code = 400\n\n    @allure.step('Проверяем код ответа сервера')\n    def verify_response_code(response: requests.Response, code: int):\n>       assert response.status_code == code\nE       AssertionError\n\nmethods.py:88: AssertionError"}, "steps": [{"name": "Генерируем учётные данные курьера", "status": "passed", "parameters": [{"name": "exclude_login", "value": "False"}, {"name": "exclude_password", "value": "False"}, {"name": "exclude_first_name", "value": "True"}], "start": 1704987218992, "stop": 1704987218992}, {"name": "Создаём курьера [POST]", "status": "passed", "parameters": [{"name": "payload", "value": "{'login': 'awrabewudt', 'password': 'rfblgjccot'}"}], "start": 1704987218992, "stop": 1704987219187}, {"name": "Проверяем код ответа сервера", "status": "failed", "statusDetails": {"message": "AssertionError\n", "trace": "  File \"/Users/lkitova/arcadia/games/qa/qa_tests/venv/lib/python3.8/site-packages/allure_commons/_allure.py\", line 173, in impl\n    return func(*a, **kw)\n  File \"/Users/lkitova/Documents/Sprint_7/methods.py\", line 88, in verify_response_code\n    assert response.status_code == code\n"}, "parameters": [{"name": "response", "value": "<Response [201]>"}, {"name": "code", "value": "400"}], "start": 1704987219187, "stop": 1704987219187}], "parameters": [{"name": "exclude_login", "value": "False"}, {"name": "exclude_password", "value": "False"}, {"name": "exclude_first_name", "value": "True"}], "start": 1704987218992, "stop": 1704987219194, "uuid": "a21dd9de-6230-4723-8706-7e3477afe9d3", "historyId": "7d61b0a93acb8cabb5eae39f4907b909", "testCaseId": "ddb9b29f5a2aec0179dd6d4802f20242", "fullName": "tests.test_create_courier.TestCreateCourier#test_missing_required_field_returns_error", "labels": [{"name": "parentSuite", "value": "tests"}, {"name": "suite", "value": "test_create_courier"}, {"name": "subSuite", "value": "TestCreateCourier"}, {"name": "host", "value": "i111355119"}, {"name": "thread", "value": "60430-MainThread"}, {"name": "framework", "value": "pytest"}, {"name": "language", "value": "cpython3"}, {"name": "package", "value": "tests.test_create_courier"}]}