{"uid":"e26b2ea335fc7b50","name":"test_missing_required_field_returns_error[False-False-True]","fullName":"tests.test_create_courier#test_missing_required_field_returns_error","historyId":"de5cdb79a3ab7d80eeba744b762cc35f","time":{"start":1704908964841,"stop":1704908965125,"duration":284},"status":"failed","statusMessage":"AssertionError","statusTrace":"exclude_login = False, exclude_password = False, exclude_first_name = True\n\n    @pytest.mark.parametrize(\n        \"exclude_login,exclude_password,exclude_first_name\",\n        [\n            (True, False, False),\n            (False, True, False),\n            (False, False, True)\n        ]\n    )\n    def test_missing_required_field_returns_error(exclude_login, exclude_password, exclude_first_name):\n        payload = generate_courier_payload(\n            exclude_login=exclude_login,\n            exclude_password=exclude_password,\n            exclude_first_name=exclude_first_name\n        )\n        response = create_courier(payload)\n>       verify_response_returns_error(response)\n\ntests/test_create_courier.py:49: \n_ _ _ _ _ _ _ _ _ _ _ _ _ _ _ _ _ _ _ _ _ _ _ _ _ _ _ _ _ _ _ _ _ _ _ _ _ _ _ _ \n\nresponse = <Response [201]>\n\n    @allure.step('Проверяем, что запрос ошибочен')\n    def verify_response_returns_error(response: requests.Response):\n>       assert response.status_code >= 400\nE       AssertionError\n\nmethods.py:98: AssertionError","flaky":false,"newFailed":false,"newBroken":false,"newPassed":false,"retriesCount":0,"retriesStatusChange":false,"beforeStages":[],"testStage":{"status":"failed","statusMessage":"AssertionError","statusTrace":"exclude_login = False, exclude_password = False, exclude_first_name = True\n\n    @pytest.mark.parametrize(\n        \"exclude_login,exclude_password,exclude_first_name\",\n        [\n            (True, False, False),\n            (False, True, False),\n            (False, False, True)\n        ]\n    )\n    def test_missing_required_field_returns_error(exclude_login, exclude_password, exclude_first_name):\n        payload = generate_courier_payload(\n            exclude_login=exclude_login,\n            exclude_password=exclude_password,\n            exclude_first_name=exclude_first_name\n        )\n        response = create_courier(payload)\n>       verify_response_returns_error(response)\n\ntests/test_create_courier.py:49: \n_ _ _ _ _ _ _ _ _ _ _ _ _ _ _ _ _ _ _ _ _ _ _ _ _ _ _ _ _ _ _ _ _ _ _ _ _ _ _ _ \n\nresponse = <Response [201]>\n\n    @allure.step('Проверяем, что запрос ошибочен')\n    def verify_response_returns_error(response: requests.Response):\n>       assert response.status_code >= 400\nE       AssertionError\n\nmethods.py:98: AssertionError","steps":[{"name":"Генерируем учётные данные курьера","time":{"start":1704908964841,"stop":1704908964841,"duration":0},"status":"passed","steps":[],"attachments":[],"parameters":[{"name":"exclude_login","value":"False"},{"name":"exclude_password","value":"False"},{"name":"exclude_first_name","value":"True"}],"shouldDisplayMessage":false,"attachmentsCount":0,"attachmentStep":false,"stepsCount":0,"hasContent":true},{"name":"Создаём курьера [POST]","time":{"start":1704908964841,"stop":1704908965120,"duration":279},"status":"passed","steps":[],"attachments":[],"parameters":[{"name":"payload","value":"{'login': 'bqjlfbmbor', 'password': 'bbbjkpdcgi'}"}],"shouldDisplayMessage":false,"attachmentsCount":0,"attachmentStep":false,"stepsCount":0,"hasContent":true},{"name":"Проверяем, что запрос ошибочен","time":{"start":1704908965120,"stop":1704908965120,"duration":0},"status":"failed","statusMessage":"AssertionError\n","statusTrace":"  File \"/Users/lkitova/arcadia/games/qa/qa_tests/venv/lib/python3.8/site-packages/allure_commons/_allure.py\", line 173, in impl\n    return func(*a, **kw)\n  File \"/Users/lkitova/Documents/Sprint_7/methods.py\", line 98, in verify_response_returns_error\n    assert response.status_code >= 400\n","steps":[],"attachments":[],"parameters":[{"name":"response","value":"<Response [201]>"}],"shouldDisplayMessage":true,"attachmentsCount":0,"attachmentStep":false,"stepsCount":0,"hasContent":true}],"attachments":[],"parameters":[],"shouldDisplayMessage":true,"attachmentsCount":0,"attachmentStep":false,"stepsCount":3,"hasContent":true},"afterStages":[],"labels":[{"name":"parentSuite","value":"tests"},{"name":"suite","value":"test_create_courier"},{"name":"host","value":"i111355119"},{"name":"thread","value":"32285-MainThread"},{"name":"framework","value":"pytest"},{"name":"language","value":"cpython3"},{"name":"package","value":"tests.test_create_courier"},{"name":"resultFormat","value":"allure2"}],"parameters":[{"name":"exclude_first_name","value":"True"},{"name":"exclude_login","value":"False"},{"name":"exclude_password","value":"False"}],"links":[],"hidden":false,"retry":false,"extra":{"severity":"normal","retries":[],"categories":[{"name":"Product defects","matchedStatuses":[],"flaky":false}],"tags":[]},"source":"e26b2ea335fc7b50.json","parameterValues":["True","False","False"]}